<?xml version="1.0" encoding="UTF-8"?>
<testsuite xmlns:xsi="http://www.w3.org/2001/XMLSchema-instance" xsi:noNamespaceSchemaLocation="https://maven.apache.org/surefire/maven-surefire-plugin/xsd/surefire-test-report.xsd" name="Suites.TestSuite" time="1,316.656" tests="18" errors="2" skipped="0" failures="0">
  <properties>
    <property name="gopherProxySet" value="false"/>
    <property name="awt.toolkit" value="sun.lwawt.macosx.LWCToolkit"/>
    <property name="file.encoding.pkg" value="sun.io"/>
    <property name="java.specification.version" value="1.8"/>
    <property name="sun.cpu.isalist" value=""/>
    <property name="sun.jnu.encoding" value="UTF-8"/>
    <property name="java.class.path" value="/Users/karma/Documents/GitHub/JavaAppium/target/test-classes:/Users/karma/Documents/GitHub/JavaAppium/target/classes:/Users/karma/.m2/repository/junit/junit/4.12/junit-4.12.jar:/Users/karma/.m2/repository/org/hamcrest/hamcrest-core/1.3/hamcrest-core-1.3.jar:/Users/karma/.m2/repository/io/appium/java-client/6.1.0/java-client-6.1.0.jar:/Users/karma/.m2/repository/org/seleniumhq/selenium/selenium-java/3.12.0/selenium-java-3.12.0.jar:/Users/karma/.m2/repository/org/seleniumhq/selenium/selenium-chrome-driver/3.12.0/selenium-chrome-driver-3.12.0.jar:/Users/karma/.m2/repository/org/seleniumhq/selenium/selenium-edge-driver/3.12.0/selenium-edge-driver-3.12.0.jar:/Users/karma/.m2/repository/org/seleniumhq/selenium/selenium-firefox-driver/3.12.0/selenium-firefox-driver-3.12.0.jar:/Users/karma/.m2/repository/org/seleniumhq/selenium/selenium-ie-driver/3.12.0/selenium-ie-driver-3.12.0.jar:/Users/karma/.m2/repository/org/seleniumhq/selenium/selenium-opera-driver/3.12.0/selenium-opera-driver-3.12.0.jar:/Users/karma/.m2/repository/org/seleniumhq/selenium/selenium-remote-driver/3.12.0/selenium-remote-driver-3.12.0.jar:/Users/karma/.m2/repository/org/seleniumhq/selenium/selenium-safari-driver/3.12.0/selenium-safari-driver-3.12.0.jar:/Users/karma/.m2/repository/net/bytebuddy/byte-buddy/1.8.3/byte-buddy-1.8.3.jar:/Users/karma/.m2/repository/org/apache/commons/commons-exec/1.3/commons-exec-1.3.jar:/Users/karma/.m2/repository/commons-codec/commons-codec/1.10/commons-codec-1.10.jar:/Users/karma/.m2/repository/commons-logging/commons-logging/1.2/commons-logging-1.2.jar:/Users/karma/.m2/repository/com/google/guava/guava/23.6-jre/guava-23.6-jre.jar:/Users/karma/.m2/repository/com/google/code/findbugs/jsr305/1.3.9/jsr305-1.3.9.jar:/Users/karma/.m2/repository/org/checkerframework/checker-compat-qual/2.0.0/checker-compat-qual-2.0.0.jar:/Users/karma/.m2/repository/com/google/errorprone/error_prone_annotations/2.1.3/error_prone_annotations-2.1.3.jar:/Users/karma/.m2/repository/com/google/j2objc/j2objc-annotations/1.1/j2objc-annotations-1.1.jar:/Users/karma/.m2/repository/org/codehaus/mojo/animal-sniffer-annotations/1.14/animal-sniffer-annotations-1.14.jar:/Users/karma/.m2/repository/org/apache/httpcomponents/httpcore/4.4.6/httpcore-4.4.6.jar:/Users/karma/.m2/repository/com/squareup/okhttp3/okhttp/3.9.1/okhttp-3.9.1.jar:/Users/karma/.m2/repository/com/squareup/okio/okio/1.13.0/okio-1.13.0.jar:/Users/karma/.m2/repository/org/seleniumhq/selenium/selenium-support/3.12.0/selenium-support-3.12.0.jar:/Users/karma/.m2/repository/org/seleniumhq/selenium/selenium-api/3.12.0/selenium-api-3.12.0.jar:/Users/karma/.m2/repository/com/google/code/gson/gson/2.8.4/gson-2.8.4.jar:/Users/karma/.m2/repository/org/apache/httpcomponents/httpclient/4.5.5/httpclient-4.5.5.jar:/Users/karma/.m2/repository/cglib/cglib/3.2.6/cglib-3.2.6.jar:/Users/karma/.m2/repository/org/ow2/asm/asm/6.0/asm-6.0.jar:/Users/karma/.m2/repository/org/apache/ant/ant/1.9.6/ant-1.9.6.jar:/Users/karma/.m2/repository/org/apache/ant/ant-launcher/1.9.6/ant-launcher-1.9.6.jar:/Users/karma/.m2/repository/commons-validator/commons-validator/1.6/commons-validator-1.6.jar:/Users/karma/.m2/repository/commons-beanutils/commons-beanutils/1.9.2/commons-beanutils-1.9.2.jar:/Users/karma/.m2/repository/commons-digester/commons-digester/1.8.1/commons-digester-1.8.1.jar:/Users/karma/.m2/repository/commons-collections/commons-collections/3.2.2/commons-collections-3.2.2.jar:/Users/karma/.m2/repository/org/apache/commons/commons-lang3/3.7/commons-lang3-3.7.jar:/Users/karma/.m2/repository/commons-io/commons-io/2.6/commons-io-2.6.jar:/Users/karma/.m2/repository/org/springframework/spring-context/5.0.5.RELEASE/spring-context-5.0.5.RELEASE.jar:/Users/karma/.m2/repository/org/springframework/spring-aop/5.0.5.RELEASE/spring-aop-5.0.5.RELEASE.jar:/Users/karma/.m2/repository/org/springframework/spring-beans/5.0.5.RELEASE/spring-beans-5.0.5.RELEASE.jar:/Users/karma/.m2/repository/org/springframework/spring-core/5.0.5.RELEASE/spring-core-5.0.5.RELEASE.jar:/Users/karma/.m2/repository/org/springframework/spring-jcl/5.0.5.RELEASE/spring-jcl-5.0.5.RELEASE.jar:/Users/karma/.m2/repository/org/springframework/spring-expression/5.0.5.RELEASE/spring-expression-5.0.5.RELEASE.jar:/Users/karma/.m2/repository/org/aspectj/aspectjweaver/1.9.1/aspectjweaver-1.9.1.jar:/Users/karma/.m2/repository/org/openpnp/opencv/3.2.0-1/opencv-3.2.0-1.jar:"/>
    <property name="java.vm.vendor" value="Oracle Corporation"/>
    <property name="sun.arch.data.model" value="64"/>
    <property name="java.vendor.url" value="http://java.oracle.com/"/>
    <property name="user.timezone" value=""/>
    <property name="java.vm.specification.version" value="1.8"/>
    <property name="os.name" value="Mac OS X"/>
    <property name="user.country" value="RU"/>
    <property name="sun.java.launcher" value="SUN_STANDARD"/>
    <property name="sun.boot.library.path" value="/Library/Java/JavaVirtualMachines/jdk1.8.0_172.jdk/Contents/Home/jre/lib"/>
    <property name="sun.java.command" value="/Users/karma/Documents/GitHub/JavaAppium/target/surefire/surefirebooter1299851409958719881.jar /Users/karma/Documents/GitHub/JavaAppium/target/surefire 2020-08-08T13-53-25_824-jvmRun1 surefire1817147827619572431tmp surefire_03724894244813140678tmp"/>
    <property name="http.nonProxyHosts" value="local|*.local|169.254/16|*.169.254/16"/>
    <property name="test" value="TestSuite"/>
    <property name="surefire.test.class.path" value="/Users/karma/Documents/GitHub/JavaAppium/target/test-classes:/Users/karma/Documents/GitHub/JavaAppium/target/classes:/Users/karma/.m2/repository/junit/junit/4.12/junit-4.12.jar:/Users/karma/.m2/repository/org/hamcrest/hamcrest-core/1.3/hamcrest-core-1.3.jar:/Users/karma/.m2/repository/io/appium/java-client/6.1.0/java-client-6.1.0.jar:/Users/karma/.m2/repository/org/seleniumhq/selenium/selenium-java/3.12.0/selenium-java-3.12.0.jar:/Users/karma/.m2/repository/org/seleniumhq/selenium/selenium-chrome-driver/3.12.0/selenium-chrome-driver-3.12.0.jar:/Users/karma/.m2/repository/org/seleniumhq/selenium/selenium-edge-driver/3.12.0/selenium-edge-driver-3.12.0.jar:/Users/karma/.m2/repository/org/seleniumhq/selenium/selenium-firefox-driver/3.12.0/selenium-firefox-driver-3.12.0.jar:/Users/karma/.m2/repository/org/seleniumhq/selenium/selenium-ie-driver/3.12.0/selenium-ie-driver-3.12.0.jar:/Users/karma/.m2/repository/org/seleniumhq/selenium/selenium-opera-driver/3.12.0/selenium-opera-driver-3.12.0.jar:/Users/karma/.m2/repository/org/seleniumhq/selenium/selenium-remote-driver/3.12.0/selenium-remote-driver-3.12.0.jar:/Users/karma/.m2/repository/org/seleniumhq/selenium/selenium-safari-driver/3.12.0/selenium-safari-driver-3.12.0.jar:/Users/karma/.m2/repository/net/bytebuddy/byte-buddy/1.8.3/byte-buddy-1.8.3.jar:/Users/karma/.m2/repository/org/apache/commons/commons-exec/1.3/commons-exec-1.3.jar:/Users/karma/.m2/repository/commons-codec/commons-codec/1.10/commons-codec-1.10.jar:/Users/karma/.m2/repository/commons-logging/commons-logging/1.2/commons-logging-1.2.jar:/Users/karma/.m2/repository/com/google/guava/guava/23.6-jre/guava-23.6-jre.jar:/Users/karma/.m2/repository/com/google/code/findbugs/jsr305/1.3.9/jsr305-1.3.9.jar:/Users/karma/.m2/repository/org/checkerframework/checker-compat-qual/2.0.0/checker-compat-qual-2.0.0.jar:/Users/karma/.m2/repository/com/google/errorprone/error_prone_annotations/2.1.3/error_prone_annotations-2.1.3.jar:/Users/karma/.m2/repository/com/google/j2objc/j2objc-annotations/1.1/j2objc-annotations-1.1.jar:/Users/karma/.m2/repository/org/codehaus/mojo/animal-sniffer-annotations/1.14/animal-sniffer-annotations-1.14.jar:/Users/karma/.m2/repository/org/apache/httpcomponents/httpcore/4.4.6/httpcore-4.4.6.jar:/Users/karma/.m2/repository/com/squareup/okhttp3/okhttp/3.9.1/okhttp-3.9.1.jar:/Users/karma/.m2/repository/com/squareup/okio/okio/1.13.0/okio-1.13.0.jar:/Users/karma/.m2/repository/org/seleniumhq/selenium/selenium-support/3.12.0/selenium-support-3.12.0.jar:/Users/karma/.m2/repository/org/seleniumhq/selenium/selenium-api/3.12.0/selenium-api-3.12.0.jar:/Users/karma/.m2/repository/com/google/code/gson/gson/2.8.4/gson-2.8.4.jar:/Users/karma/.m2/repository/org/apache/httpcomponents/httpclient/4.5.5/httpclient-4.5.5.jar:/Users/karma/.m2/repository/cglib/cglib/3.2.6/cglib-3.2.6.jar:/Users/karma/.m2/repository/org/ow2/asm/asm/6.0/asm-6.0.jar:/Users/karma/.m2/repository/org/apache/ant/ant/1.9.6/ant-1.9.6.jar:/Users/karma/.m2/repository/org/apache/ant/ant-launcher/1.9.6/ant-launcher-1.9.6.jar:/Users/karma/.m2/repository/commons-validator/commons-validator/1.6/commons-validator-1.6.jar:/Users/karma/.m2/repository/commons-beanutils/commons-beanutils/1.9.2/commons-beanutils-1.9.2.jar:/Users/karma/.m2/repository/commons-digester/commons-digester/1.8.1/commons-digester-1.8.1.jar:/Users/karma/.m2/repository/commons-collections/commons-collections/3.2.2/commons-collections-3.2.2.jar:/Users/karma/.m2/repository/org/apache/commons/commons-lang3/3.7/commons-lang3-3.7.jar:/Users/karma/.m2/repository/commons-io/commons-io/2.6/commons-io-2.6.jar:/Users/karma/.m2/repository/org/springframework/spring-context/5.0.5.RELEASE/spring-context-5.0.5.RELEASE.jar:/Users/karma/.m2/repository/org/springframework/spring-aop/5.0.5.RELEASE/spring-aop-5.0.5.RELEASE.jar:/Users/karma/.m2/repository/org/springframework/spring-beans/5.0.5.RELEASE/spring-beans-5.0.5.RELEASE.jar:/Users/karma/.m2/repository/org/springframework/spring-core/5.0.5.RELEASE/spring-core-5.0.5.RELEASE.jar:/Users/karma/.m2/repository/org/springframework/spring-jcl/5.0.5.RELEASE/spring-jcl-5.0.5.RELEASE.jar:/Users/karma/.m2/repository/org/springframework/spring-expression/5.0.5.RELEASE/spring-expression-5.0.5.RELEASE.jar:/Users/karma/.m2/repository/org/aspectj/aspectjweaver/1.9.1/aspectjweaver-1.9.1.jar:/Users/karma/.m2/repository/org/openpnp/opencv/3.2.0-1/opencv-3.2.0-1.jar:"/>
    <property name="sun.cpu.endian" value="little"/>
    <property name="user.home" value="/Users/karma"/>
    <property name="user.language" value="ru"/>
    <property name="java.specification.vendor" value="Oracle Corporation"/>
    <property name="java.home" value="/Library/Java/JavaVirtualMachines/jdk1.8.0_172.jdk/Contents/Home/jre"/>
    <property name="basedir" value="/Users/karma/Documents/GitHub/JavaAppium"/>
    <property name="file.separator" value="/"/>
    <property name="line.separator" value="&#10;"/>
    <property name="java.vm.specification.vendor" value="Oracle Corporation"/>
    <property name="java.specification.name" value="Java Platform API Specification"/>
    <property name="java.awt.graphicsenv" value="sun.awt.CGraphicsEnvironment"/>
    <property name="java.awt.headless" value="true"/>
    <property name="surefire.real.class.path" value="/Users/karma/Documents/GitHub/JavaAppium/target/surefire/surefirebooter1299851409958719881.jar"/>
    <property name="sun.boot.class.path" value="/Library/Java/JavaVirtualMachines/jdk1.8.0_172.jdk/Contents/Home/jre/lib/resources.jar:/Library/Java/JavaVirtualMachines/jdk1.8.0_172.jdk/Contents/Home/jre/lib/rt.jar:/Library/Java/JavaVirtualMachines/jdk1.8.0_172.jdk/Contents/Home/jre/lib/sunrsasign.jar:/Library/Java/JavaVirtualMachines/jdk1.8.0_172.jdk/Contents/Home/jre/lib/jsse.jar:/Library/Java/JavaVirtualMachines/jdk1.8.0_172.jdk/Contents/Home/jre/lib/jce.jar:/Library/Java/JavaVirtualMachines/jdk1.8.0_172.jdk/Contents/Home/jre/lib/charsets.jar:/Library/Java/JavaVirtualMachines/jdk1.8.0_172.jdk/Contents/Home/jre/lib/jfr.jar:/Library/Java/JavaVirtualMachines/jdk1.8.0_172.jdk/Contents/Home/jre/classes"/>
    <property name="sun.management.compiler" value="HotSpot 64-Bit Tiered Compilers"/>
    <property name="ftp.nonProxyHosts" value="local|*.local|169.254/16|*.169.254/16"/>
    <property name="java.runtime.version" value="1.8.0_172-b11"/>
    <property name="user.name" value="karma"/>
    <property name="path.separator" value=":"/>
    <property name="os.version" value="10.15.5"/>
    <property name="java.endorsed.dirs" value="/Library/Java/JavaVirtualMachines/jdk1.8.0_172.jdk/Contents/Home/jre/lib/endorsed"/>
    <property name="java.runtime.name" value="Java(TM) SE Runtime Environment"/>
    <property name="file.encoding" value="UTF-8"/>
    <property name="java.vm.name" value="Java HotSpot(TM) 64-Bit Server VM"/>
    <property name="localRepository" value="/Users/karma/.m2/repository"/>
    <property name="java.vendor.url.bug" value="http://bugreport.sun.com/bugreport/"/>
    <property name="java.io.tmpdir" value="/var/folders/yc/_sqh01815hd5y7hlldtrrc580000gn/T/"/>
    <property name="java.version" value="1.8.0_172"/>
    <property name="user.dir" value="/Users/karma/Documents/GitHub/JavaAppium"/>
    <property name="os.arch" value="x86_64"/>
    <property name="java.vm.specification.name" value="Java Virtual Machine Specification"/>
    <property name="java.awt.printerjob" value="sun.lwawt.macosx.CPrinterJob"/>
    <property name="sun.os.patch.level" value="unknown"/>
    <property name="java.library.path" value="/Users/karma/Library/Java/Extensions:/Library/Java/Extensions:/Network/Library/Java/Extensions:/System/Library/Java/Extensions:/usr/lib/java:."/>
    <property name="java.vm.info" value="mixed mode"/>
    <property name="java.vendor" value="Oracle Corporation"/>
    <property name="java.vm.version" value="25.172-b11"/>
    <property name="java.ext.dirs" value="/Users/karma/Library/Java/Extensions:/Library/Java/JavaVirtualMachines/jdk1.8.0_172.jdk/Contents/Home/jre/lib/ext:/Library/Java/Extensions:/Network/Library/Java/Extensions:/System/Library/Java/Extensions:/usr/lib/java"/>
    <property name="sun.io.unicode.encoding" value="UnicodeBig"/>
    <property name="java.class.version" value="52.0"/>
    <property name="socksNonProxyHosts" value="local|*.local|169.254/16|*.169.254/16"/>
  </properties>
  <testcase name="testCompareArticleTitle" classname="tests.ArticleTests" time="116.523"/>
  <testcase name="testSwipeArticle" classname="tests.ArticleTests" time="119.43"/>
  <testcase name="testCheckArticleTitlePresent" classname="tests.ArticleTests" time="74.695">
    <error message="An element could not be located on the page using the given search parameters.&#10;For documentation on this error, please visit: http://seleniumhq.org/exceptions/no_such_element.html&#10;Build info: version: &apos;3.12.0&apos;, revision: &apos;7c6e0b3&apos;, time: &apos;2018-05-08T14:04:26.12Z&apos;&#10;System info: host: &apos;MacBook-Pro-Denis.local&apos;, ip: &apos;fe80:0:0:0:14b3:c1a4:5368:b3fb%en0&apos;, os.name: &apos;Mac OS X&apos;, os.arch: &apos;x86_64&apos;, os.version: &apos;10.15.5&apos;, java.version: &apos;1.8.0_172&apos;&#10;Driver info: io.appium.java_client.android.AndroidDriver&#10;Capabilities {app: /Users/karma/Documents/GitH..., appActivity: .main.MainActivity, appPackage: org.wikipedia, automationName: Appium, databaseEnabled: false, desired: {app: /Users/karma/Documents/GitH..., appActivity: .main.MainActivity, appPackage: org.wikipedia, automationName: Appium, deviceName: AndroidTestDevice, orientation: PORTRAIT, platformName: android, platformVersion: 8.0}, deviceApiLevel: 26, deviceManufacturer: Google, deviceModel: Android SDK built for x86, deviceName: emulator-5554, deviceScreenDensity: 480, deviceScreenSize: 1080x1920, deviceUDID: emulator-5554, javascriptEnabled: true, locationContextEnabled: false, networkConnectionEnabled: true, orientation: PORTRAIT, pixelRatio: 3, platform: LINUX, platformName: Android, platformVersion: 8.0.0, statBarHeight: 72, takesScreenshot: true, viewportRect: {height: 1704, left: 0, top: 72, width: 1080}, warnings: {}, webStorageEnabled: false}&#10;Session ID: b7a77ea8-7f12-4369-9463-92ce8b203b0e&#10;*** Element info: {Using=id, value=org.wikipedia:id/view_page_title_text}" type="org.openqa.selenium.NoSuchElementException">org.openqa.selenium.NoSuchElementException: 
An element could not be located on the page using the given search parameters.
For documentation on this error, please visit: http://seleniumhq.org/exceptions/no_such_element.html
Build info: version: '3.12.0', revision: '7c6e0b3', time: '2018-05-08T14:04:26.12Z'
System info: host: 'MacBook-Pro-Denis.local', ip: 'fe80:0:0:0:14b3:c1a4:5368:b3fb%en0', os.name: 'Mac OS X', os.arch: 'x86_64', os.version: '10.15.5', java.version: '1.8.0_172'
Driver info: io.appium.java_client.android.AndroidDriver
Capabilities {app: /Users/karma/Documents/GitH..., appActivity: .main.MainActivity, appPackage: org.wikipedia, automationName: Appium, databaseEnabled: false, desired: {app: /Users/karma/Documents/GitH..., appActivity: .main.MainActivity, appPackage: org.wikipedia, automationName: Appium, deviceName: AndroidTestDevice, orientation: PORTRAIT, platformName: android, platformVersion: 8.0}, deviceApiLevel: 26, deviceManufacturer: Google, deviceModel: Android SDK built for x86, deviceName: emulator-5554, deviceScreenDensity: 480, deviceScreenSize: 1080x1920, deviceUDID: emulator-5554, javascriptEnabled: true, locationContextEnabled: false, networkConnectionEnabled: true, orientation: PORTRAIT, pixelRatio: 3, platform: LINUX, platformName: Android, platformVersion: 8.0.0, statBarHeight: 72, takesScreenshot: true, viewportRect: {height: 1704, left: 0, top: 72, width: 1080}, warnings: {}, webStorageEnabled: false}
Session ID: b7a77ea8-7f12-4369-9463-92ce8b203b0e
*** Element info: {Using=id, value=org.wikipedia:id/view_page_title_text}
	at tests.ArticleTests.testCheckArticleTitlePresent(ArticleTests.java:57)
</error>
    <system-out><![CDATA[By.id: org.wikipedia:id/view_page_title_text
]]></system-out>
    <system-err><![CDATA[авг 08, 2020 1:58:07 PM io.appium.java_client.remote.AppiumCommandExecutor$1 lambda$0
INFO: Detected dialect: W3C
]]></system-err>
  </testcase>
  <testcase name="testChangeScreenOrientationOnSearchResult" classname="tests.ChangeAppConditionTests" time="116.614"/>
  <testcase name="testCheckSearchArticleInBackground" classname="tests.ChangeAppConditionTests" time="96.651"/>
  <testcase name="testPassTroughWelcome" classname="tests.GetStartedTests" time="46.325"/>
  <testcase name="testSaveTwoArticleToMyListAndDeleteOneOfThem" classname="tests.MyListsTests" time="209.487">
    <error message="java.lang.IllegalArgumentException: Unable to compile &apos;Island of Indonesia&apos;. See Cause.&#10;For documentation on this error, please visit: http://seleniumhq.org/exceptions/invalid_selector_exception.html&#10;Build info: version: &apos;3.12.0&apos;, revision: &apos;7c6e0b3&apos;, time: &apos;2018-05-08T14:04:26.12Z&apos;&#10;System info: host: &apos;MacBook-Pro-Denis.local&apos;, ip: &apos;fe80:0:0:0:14b3:c1a4:5368:b3fb%en0&apos;, os.name: &apos;Mac OS X&apos;, os.arch: &apos;x86_64&apos;, os.version: &apos;10.15.5&apos;, java.version: &apos;1.8.0_172&apos;&#10;Driver info: io.appium.java_client.android.AndroidDriver&#10;Capabilities {app: /Users/karma/Documents/GitH..., appActivity: .main.MainActivity, appPackage: org.wikipedia, automationName: Appium, databaseEnabled: false, desired: {app: /Users/karma/Documents/GitH..., appActivity: .main.MainActivity, appPackage: org.wikipedia, automationName: Appium, deviceName: AndroidTestDevice, orientation: PORTRAIT, platformName: android, platformVersion: 8.0}, deviceApiLevel: 26, deviceManufacturer: Google, deviceModel: Android SDK built for x86, deviceName: emulator-5554, deviceScreenDensity: 480, deviceScreenSize: 1080x1920, deviceUDID: emulator-5554, javascriptEnabled: true, locationContextEnabled: false, networkConnectionEnabled: true, orientation: PORTRAIT, pixelRatio: 3, platform: LINUX, platformName: Android, platformVersion: 8.0.0, statBarHeight: 72, takesScreenshot: true, viewportRect: {height: 1704, left: 0, top: 72, width: 1080}, warnings: {}, webStorageEnabled: false}&#10;Session ID: 622de5ee-33d6-4797-a778-51fb5d4a7ec4&#10;*** Element info: {Using=xpath, value=Island of Indonesia}" type="org.openqa.selenium.InvalidSelectorException">org.openqa.selenium.InvalidSelectorException: 
java.lang.IllegalArgumentException: Unable to compile 'Island of Indonesia'. See Cause.
For documentation on this error, please visit: http://seleniumhq.org/exceptions/invalid_selector_exception.html
Build info: version: '3.12.0', revision: '7c6e0b3', time: '2018-05-08T14:04:26.12Z'
System info: host: 'MacBook-Pro-Denis.local', ip: 'fe80:0:0:0:14b3:c1a4:5368:b3fb%en0', os.name: 'Mac OS X', os.arch: 'x86_64', os.version: '10.15.5', java.version: '1.8.0_172'
Driver info: io.appium.java_client.android.AndroidDriver
Capabilities {app: /Users/karma/Documents/GitH..., appActivity: .main.MainActivity, appPackage: org.wikipedia, automationName: Appium, databaseEnabled: false, desired: {app: /Users/karma/Documents/GitH..., appActivity: .main.MainActivity, appPackage: org.wikipedia, automationName: Appium, deviceName: AndroidTestDevice, orientation: PORTRAIT, platformName: android, platformVersion: 8.0}, deviceApiLevel: 26, deviceManufacturer: Google, deviceModel: Android SDK built for x86, deviceName: emulator-5554, deviceScreenDensity: 480, deviceScreenSize: 1080x1920, deviceUDID: emulator-5554, javascriptEnabled: true, locationContextEnabled: false, networkConnectionEnabled: true, orientation: PORTRAIT, pixelRatio: 3, platform: LINUX, platformName: Android, platformVersion: 8.0.0, statBarHeight: 72, takesScreenshot: true, viewportRect: {height: 1704, left: 0, top: 72, width: 1080}, warnings: {}, webStorageEnabled: false}
Session ID: 622de5ee-33d6-4797-a778-51fb5d4a7ec4
*** Element info: {Using=xpath, value=Island of Indonesia}
	at tests.MyListsTests.testSaveTwoArticleToMyListAndDeleteOneOfThem(MyListsTests.java:118)
</error>
    <system-out><![CDATA[[[[io.appium.java_client.android.AndroidDriver, Capabilities: {app=/Users/karma/Documents/GitHub/JavaAppiumAutomation/apks/org.wikipedia.apk, appActivity=.main.MainActivity, appPackage=org.wikipedia, automationName=Appium, databaseEnabled=false, desired={platformName=android, app=/Users/karma/Documents/GitHub/JavaAppiumAutomation/apks/org.wikipedia.apk, appActivity=.main.MainActivity, appPackage=org.wikipedia, automationName=Appium, deviceName=AndroidTestDevice, orientation=PORTRAIT, platformVersion=8.0}, deviceApiLevel=26, deviceManufacturer=Google, deviceModel=Android SDK built for x86, deviceName=emulator-5554, deviceScreenDensity=480, deviceScreenSize=1080x1920, deviceUDID=emulator-5554, javascriptEnabled=true, locationContextEnabled=false, networkConnectionEnabled=true, orientation=PORTRAIT, pixelRatio=3, platform=LINUX, platformName=Android, platformVersion=8.0.0, statBarHeight=72, takesScreenshot=true, viewportRect={left=0, top=72, width=1080, height=1704}, warnings={}, webStorageEnabled=false}] -> xpath: //*[@text='Add to reading list']]]
Island of Indonesia
[]
xpath://android.widget.FrameLayout[@content-desc='My lists']
]]></system-out>
    <system-err><![CDATA[авг 08, 2020 2:03:39 PM io.appium.java_client.remote.AppiumCommandExecutor$1 lambda$0
INFO: Detected dialect: W3C
]]></system-err>
  </testcase>
  <testcase name="testSaveFirstArticleToMyList" classname="tests.MyListsTests" time="97.782"/>
  <testcase name="testAmountOfNotEmptySearch" classname="tests.SearchTests" time="45.728"/>
  <testcase name="testAmountOfEmptySearch" classname="tests.SearchTests" time="47.168"/>
  <testcase name="testCheckSeveralResultsAndCancelSearch" classname="tests.SearchTests" time="43.582"/>
  <testcase name="testCompareText" classname="tests.SearchTests" time="43.583"/>
  <testcase name="testCheckAmountArticlesInSearchResult" classname="tests.SearchTests" time="46.58"/>
  <testcase name="testCancelSearch" classname="tests.SearchTests" time="38.073"/>
  <testcase name="testSaveTwoArticleToMyListAndDeleteOneOfThem" classname="tests.SearchTests" time="45.478"/>
  <testcase name="testCheckSearchingWordContainsInEachResult" classname="tests.SearchTests" time="43.282"/>
  <testcase name="testCheckTitleAndDescriptionOfArticle" classname="tests.SearchTests" time="43.561"/>
  <testcase name="testSearch" classname="tests.SearchTests" time="41.808"/>
</testsuite>